The system is: Windows - 10.0.18362 - AMD64
Compiling the C compiler identification source file "CMakeCCompilerId.c" succeeded.
Compiler: D:/Visual Studio/VC/Tools/MSVC/14.16.27023/bin/Hostx86/x86/cl.exe 
Build flags: 
Id flags:  

The output was:
0
Compilador de optimizaci¢n de C/C++ de Microsoft (R) versi¢n 19.16.27026.1 para x86
(C) Microsoft Corporation. Todos los derechos reservados.

CMakeCCompilerId.c
Microsoft (R) Incremental Linker Version 14.16.27026.1
Copyright (C) Microsoft Corporation.  All rights reserved.

/out:CMakeCCompilerId.exe 
CMakeCCompilerId.obj 


Compilation of the C compiler identification source "CMakeCCompilerId.c" produced "CMakeCCompilerId.exe"

Compilation of the C compiler identification source "CMakeCCompilerId.c" produced "CMakeCCompilerId.obj"

The C compiler identification is MSVC, found in "C:/Users/MrJua/Desktop/PracticaAlexander/cmake-build-debug/CMakeFiles/3.14.3/CompilerIdC/CMakeCCompilerId.exe"

Determining if the C compiler works passed with the following output:
Change Dir: C:/Users/MrJua/Desktop/PracticaAlexander/cmake-build-debug/CMakeFiles/CMakeTmp

Run Build Command(s):nmake /nologo cmTC_f76e0\fast 
	"D:\Visual Studio\VC\Tools\MSVC\14.16.27023\bin\HostX86\x86\nmake.exe" -f CMakeFiles\cmTC_f76e0.dir\build.make /nologo -L                  CMakeFiles\cmTC_f76e0.dir\build
Building C object CMakeFiles/cmTC_f76e0.dir/testCCompiler.c.obj
	"D:\Visual Studio\VC\Tools\MSVC\14.16.27023\bin\Hostx86\x86\cl.exe" @C:\Users\MrJua\AppData\Local\Temp\nmE24.tmp
testCCompiler.c
Linking C executable cmTC_f76e0.exe
	"C:\Program Files\JetBrains\CLion 2018.3.3\bin\cmake\win\bin\cmake.exe" -E vs_link_exe --intdir=CMakeFiles\cmTC_f76e0.dir --rc=C:\PROGRA~2\WI3CF2~1\10\bin\100177~1.0\x86\rc.exe --mt=C:\PROGRA~2\WI3CF2~1\10\bin\100177~1.0\x86\mt.exe --manifests  -- "D:\Visual Studio\VC\Tools\MSVC\14.16.27023\bin\Hostx86\x86\link.exe" /nologo @CMakeFiles\cmTC_f76e0.dir\objects1.rsp @C:\Users\MrJua\AppData\Local\Temp\nm10B5.tmp


Detecting C compiler ABI info compiled with the following output:
Change Dir: C:/Users/MrJua/Desktop/PracticaAlexander/cmake-build-debug/CMakeFiles/CMakeTmp

Run Build Command(s):nmake /nologo cmTC_67afe\fast 
	"D:\Visual Studio\VC\Tools\MSVC\14.16.27023\bin\HostX86\x86\nmake.exe" -f CMakeFiles\cmTC_67afe.dir\build.make /nologo -L                  CMakeFiles\cmTC_67afe.dir\build
Building C object CMakeFiles/cmTC_67afe.dir/CMakeCCompilerABI.c.obj
	"D:\Visual Studio\VC\Tools\MSVC\14.16.27023\bin\Hostx86\x86\cl.exe" @C:\Users\MrJua\AppData\Local\Temp\nm15C5.tmp
CMakeCCompilerABI.c
Linking C executable cmTC_67afe.exe
	"C:\Program Files\JetBrains\CLion 2018.3.3\bin\cmake\win\bin\cmake.exe" -E vs_link_exe --intdir=CMakeFiles\cmTC_67afe.dir --rc=C:\PROGRA~2\WI3CF2~1\10\bin\100177~1.0\x86\rc.exe --mt=C:\PROGRA~2\WI3CF2~1\10\bin\100177~1.0\x86\mt.exe --manifests  -- "D:\Visual Studio\VC\Tools\MSVC\14.16.27023\bin\Hostx86\x86\link.exe" /nologo @CMakeFiles\cmTC_67afe.dir\objects1.rsp @C:\Users\MrJua\AppData\Local\Temp\nm1672.tmp




Detecting C [] compiler features compiled with the following output:
Change Dir: C:/Users/MrJua/Desktop/PracticaAlexander/cmake-build-debug/CMakeFiles/CMakeTmp

Run Build Command(s):nmake /nologo cmTC_5a2ec\fast 
	"D:\Visual Studio\VC\Tools\MSVC\14.16.27023\bin\HostX86\x86\nmake.exe" -f CMakeFiles\cmTC_5a2ec.dir\build.make /nologo -L                  CMakeFiles\cmTC_5a2ec.dir\build
Building C object CMakeFiles/cmTC_5a2ec.dir/feature_tests.c.obj
	"D:\Visual Studio\VC\Tools\MSVC\14.16.27023\bin\Hostx86\x86\cl.exe" @C:\Users\MrJua\AppData\Local\Temp\nm19BD.tmp
feature_tests.c
Linking C executable cmTC_5a2ec.exe
	"C:\Program Files\JetBrains\CLion 2018.3.3\bin\cmake\win\bin\cmake.exe" -E vs_link_exe --intdir=CMakeFiles\cmTC_5a2ec.dir --rc=C:\PROGRA~2\WI3CF2~1\10\bin\100177~1.0\x86\rc.exe --mt=C:\PROGRA~2\WI3CF2~1\10\bin\100177~1.0\x86\mt.exe --manifests  -- "D:\Visual Studio\VC\Tools\MSVC\14.16.27023\bin\Hostx86\x86\link.exe" /nologo @CMakeFiles\cmTC_5a2ec.dir\objects1.rsp @C:\Users\MrJua\AppData\Local\Temp\nm1A4A.tmp


    Feature record: C_FEATURE:1c_function_prototypes
    Feature record: C_FEATURE:1c_variadic_macros
